<?xml version="1.0" encoding="UTF-8"?>
<testng-results ignored="0" total="1" passed="1" failed="0" skipped="0">
  <reporter-output>
  </reporter-output>
  <suite started-at="2022-10-10T14:43:55 IST" name="Default suite" finished-at="2022-10-10T14:45:10 IST" duration-ms="74762">
    <groups>
    </groups>
    <test started-at="2022-10-10T14:43:55 IST" name="Default test" finished-at="2022-10-10T14:45:10 IST" duration-ms="74762">
      <class name="com.flipkart.testCase.OrderItemTestCase">
        <test-method is-config="true" signature="reportsInitialization()[pri:0, instance:com.flipkart.testCase.OrderItemTestCase@3f6f6701]" started-at="2022-10-10T14:43:55 IST" name="reportsInitialization" finished-at="2022-10-10T14:43:55 IST" duration-ms="266" status="PASS">
          <reporter-output>
          </reporter-output>
        </test-method> <!-- reportsInitialization -->
        <test-method is-config="true" signature="commonProperties()[pri:0, instance:com.flipkart.testCase.OrderItemTestCase@3f6f6701]" started-at="2022-10-10T14:43:55 IST" name="commonProperties" finished-at="2022-10-10T14:44:02 IST" duration-ms="7152" status="PASS">
          <reporter-output>
          </reporter-output>
        </test-method> <!-- commonProperties -->
        <test-method signature="positiveTestCase()[pri:1, instance:com.flipkart.testCase.OrderItemTestCase@3f6f6701]" started-at="2022-10-10T14:44:02 IST" name="positiveTestCase" finished-at="2022-10-10T14:45:07 IST" duration-ms="65094" status="PASS">
          <reporter-output>
          </reporter-output>
        </test-method> <!-- positiveTestCase -->
        <test-method is-config="true" signature="screenShotAttacher(org.testng.ITestResult)[pri:0, instance:com.flipkart.testCase.OrderItemTestCase@3f6f6701]" started-at="2022-10-10T14:45:07 IST" name="screenShotAttacher" finished-at="2022-10-10T14:45:10 IST" duration-ms="2443" status="PASS">
          <params>
            <param index="0">
              <value>
                <![CDATA[[TestResult name=positiveTestCase status=SUCCESS method=OrderItemTestCase.positiveTestCase()[pri:1, instance:com.flipkart.testCase.OrderItemTestCase@3f6f6701] output={null}]]]>
              </value>
            </param>
          </params>
          <reporter-output>
          </reporter-output>
        </test-method> <!-- screenShotAttacher -->
      </class> <!-- com.flipkart.testCase.OrderItemTestCase -->
    </test> <!-- Default test -->
  </suite> <!-- Default suite -->
</testng-results>
